00108028 START_RAW_CAPTURE !
00108028 First Shutter !!!
00108028 [Applib - StillEncUtility] <RawCapCB> RawCapCB start
00108028 LL_W bch AmbaLL_BatchCmdBufferVideoAutoProcessEnable 0
00108028 [Applib - StillEnc] <PipeCallback> Pipe[A11033C4] AMP_ENC_EVENT_STATE_CHANGED newState 4
00108028 [Applib - StillSingleCap] <SingleCapture> [0xBBA18FAC] memFree
00108028 [Applib - StillSingleCap] <SingleCapture> memFree Done
00108028 [App - Connected] <Capture> rec_connected_cam_capture end!
00108028 [==rec_connected_cam_widget_closed==]==1
00108028 [AppUtil_get_card_space] space : 9321 Mbyte
00108028 ramain_num===8903,sz_mb==9321
00108028 [==Gui_Photo_File_Update_Func==]photoNum==4
00108028 [==Gui_preview_show_Resolution_func==]numFlag:1,CurMode:-1606540427
00108133 [Desire]IDSP   freq: 504000000
00108133 [Desire]Core   freq: 432000000
00108133 [Desire]Cortex freq: 800000000
00108135 [Actual]IDSP   freq: 504000000
00108135 [Actual]Core   freq: 432000000
00108135 [Actual]Cortex freq: 792000000
00108135 [Applib - StillEncUtility] <RawCapCB> Liveview Stop
00108136 [IMX117] hw reset
00108212 [Applib - StillEncUtility] <SensorPrep> AE info[0]: EV:11384 NF:1896 ShIdx:722 AgcIdx:1811 IrisIdx:0 Dgain:4096 ISO:360 Flash:0 Mode:2 ShTime:0.160000 AgcGain:3.608910
00108212 [Applib - StillEncUtility] <RawCapCB> RawCapCB: (vin) 4000 3000 132 40
00108212 [01455][W][Disp][AmpDisplay_GetInfoImpl] Display handler 0XB4660284 is not started.
00108212 [Applib - 3a] <AmbaSample_AdjStillControl> StillMode : 2, ShIndex :  1094, EvIndex : 11384, NfIndex :  1896
00108214 [Applib - StillEncUtility] <SetStillWB> StillWbGain: GainR(4208) GainG(4096) GainB(12451) AEGain(4096) GlobalD(4400)
00108217 [Applib - StillEncUtility] <IdspParamSetup> Done!!!
00108217 StartRawCapture: (raw 0) 0xB27CB9C0 1 3392 4000 3000
00108217 StartRawCapture: (cfg) 1 1 0xB97205C4
00108217 Raw monitor enable!
00108218 0x4001 1
00108409 [StillRawCap]Raw Image Capture Start 0xb27cb9c0(p:3392)
00108409 [Applib - StillEnc] <StillEncCallback> Unknown event 200000C info: b96d9764
00108442 [ScapRawDataRdyHandler] addr(0xB27CB9C0) p(3392)
00108442 [Stillenc] Rcv RAW_DATA_READY 1 0
00108442 [Applib - StillSingleCap] <SingleCapturePostCB> Start YuvFlag:0
00108442 [StillRawCap] Whole raw capture done !
00108442 [Stillenc][StageDone] send MWENC_MSG_EXEC_SCRPT
00108442 [SENC] Execute Next Stage: script(0)->(2)
00108442 Snd MWENC_MSG_RAW_DATA_READY~~
00108442 [RawEnc] Exec raw data ready!
00108442 [App - Connected] <CaptureComplete> CAPTURE_COMPLETE: PHOTO_CAP_MODE_PRECISE
00108442 [Applib - ComSvcAsyncOp] <MgrTask> ASYNC_MGR_CMD_SYSTEM_LED_BLINK
00108568 [ScapYuvDataRdyHandler] addr(0xB0A439C0 0xB19079C0) p(4480)
00108568 [ScapYuvDataRdyHandler] addr(0xA398AFA0 0xA3990FA0) p(192)
00108568 [ScapYuvDataRdyHandler] addr(0xA3996FA0 0xA3A56CA0) p(992)
00108568 [ScapYuvDataRdyHandler] addr(0xA1992760 0xA19A8760) p(256)
00108568 [RawEnc] yuv data ready 1 4
00108568 [Applib - StillSingleCap] <SingleCapturePostCB> Start YuvFlag:0
00108568 [Applib - StillSingleCap] <SingleCapturePostCB> YuvFlag:1
00108568 [RawEnc] yuv data ready 2 4
00108568 [Applib - StillSingleCap] <SingleCapturePostCB> Start YuvFlag:1
00108568 [Applib - StillSingleCap] <SingleCapturePostCB> YuvFlag:5
00108568 [RawEnc] yuv data ready 3 4
00108568 [Applib - StillSingleCap] <SingleCapturePostCB> Start YuvFlag:5
00108568 [Applib - StillSingleCap] <SingleCapturePostCB> YuvFlag:7
00108568 [RawEnc] yuv data ready 4 4
00108568 [Applib - StillEnc] <StillEncCallback> noFlush: 1
00108568 [Applib - StillEnc] <StillEncCallback> QV_DCHAN_YUV_READY, switch to VDSRC
00108568 [Stillenc][StageDone] send MWENC_MSG_EXEC_SCRPT
00108568 [SENC] Execute Next Stage: script(0)->(3)
00108568 Snd MWENC_MSG_EXEC_YUV_DATA_READY~~
00108568 [RawEnc] Exec yuv data ready!
00108568 [Applib - StillSingleCap] <SingleCapturePreCB> Pre-CallBack: SerialNum 4
00108596 [Applib - MuxExif] <MuxFifoCB>: AMP_FIFO_EVENT_DATA_READY
00108596 [Applib - MuxExif] <MuxFifoCB>: AMP_FIFO_EVENT_DATA_READY
00108596 [Applib - MuxExif] <MuxFifoCB>: AMP_FIFO_EVENT_DATA_READY
00108596 [StillEnc] gCtx (0xB9725E28 1) has ID: 4
00108596 [StillEnc] No more USED gCtx
00108596 [StillEnc][ScriptDone] reset StillCodec
00108596 [StillEnc][ScriptDone] memFree Scrpt(0xB96D98C8)
00108596 [StillEnc] gCtx (0xB9725E28 1) has ID: 4
00108596 [StillEnc][ScriptDone] BG process is done!
00108596 [SENC_ALLDONE 0]:
00108596 [StillEnc] release gCtx (0xB9725E28 4)
00108596 [rec_connected_cam_capture_bg_process_done] Start
00108596 [App - Connected] <CaptureBgProcessDone> BG_PROCESS_DONE: PHOTO_CAP_MODE_PRECISE
00108596 LL_W bch AmbaLL_BatchCmdBufferVideoAutoProcessEnable 0
00108596 Raw monitor disable!
00108596 [Applib - MuxExif] <Open>
00108596 [Applib - NamingRuleDateTime] <Naming_GetDir> == TargetDirIndex = 0
00108596 [Applib - NamingRuleDateTime] <Naming_GetDir> TmpName:C:\AMBA\200727000\00341500.JPG
00108596 [Applib - NamingRuleDateTime] <Naming_GetDir> == Refreshed = 0, TmpDirPath = C:\AMBA\200727000, ScannedDirPath = C:\AMBA\200727000
00108596 [Applib - NamingRuleDateTime] <Naming_GetDir> == TargetFnum = 2055, ScannedMaxFnum = 2037
00108596 [Applib - NamingRuleDateTime] <Naming_GetDir> == ScannedFileAmount = 4
00108596 [Applib - NamingRuleDateTime] <Naming_GetObjectName> ==  -END-, ObjName:C:\AMBA\200727000\00341500.JPG
00108596 [Applib - DmfDateTime] <CreateFile> extName:JPG, filename:C:\AMBA\200727000\00341500.JPG
00108596 [App - Pref] <Save> Save preference
00108604 [App - Pref] <Save> success
00108604 === Write (512 Bytes) ===
00108604 0x0, 0x10, 0x1, 0x0
00108604 0xE, 0x0, 0x0, 0x0
00108604 0x0, 0x0, 0x0, 0x1
00108604 0x0, 0x0, 0x0, 0x0
00108604 0x0, 0x0, 0x0, 0x0
00108604 0x0, 0x0, 0x0, 0x0
00108604 0x0, 0x4, 0x1, 0x0
00108604 0x0, 0x0, 0x0, 0x0
00108604 0x0, 0x0, 0x0, 0x0
00108604 0x0, 0x0, 0x0, 0x0
00108604 0x0, 0x0, 0x0, 0x0
00108604 0x0, 0x0, 0x0, 0x0
00108605 0x0, 0x0, 0x0, 0x0
00108605 0x0, 0x0, 0x0, 0x0
00108605 0x0, 0x0, 0x0, 0x0
00108605 0x0, 0x0, 0x0, 0x0
00108605 0x0, 0x0, 0x0, 0x0
00108605 0x0, 0x0, 0x0, 0x0
00108605 0x0, 0x0, 0x0, 0x0
00108605 0x0, 0x0, 0x0, 0x0
00108605 0x0, 0x0, 0x0, 0x0
00108605 0x0, 0x0, 0x0, 0x0
00108605 0x0, 0x0, 0x0, 0x0
00108605 0x0, 0x0, 0x0, 0x0
00108605 0x0, 0x0, 0x0, 0x0
00108605 0x0, 0x0, 0x0, 0x0
00108605 0x0, 0x0, 0x0, 0x0
00108605 0xF5, 0x7, 0xD2, 0x52
00108605 0x0, 0x0, 0x0, 0x0
00108605 0x0, 0x0, 0x0, 0x0
00108605 0x0, 0x37, 0x55, 0x0
00108605 0x0, 0x0, 0x0, 0x0
00108605 0x0, 0x0, 0x0, 0x0
00108605 0x0, 0x0, 0x0, 0x0
00108605 0x0, 0x0, 0x3, 0x10
00108605 0x2, 0x0, 0x0, 0x1B
00108605 0x0, 0x39, 0x0, 0x0
00108605 0x0, 0x0, 0x0, 0x0
00108605 0x0, 0x0, 0x0, 0x0
00108605 0x0, 0x0, 0x0, 0x0
00108605 0x0, 0x0, 0x0, 0x0
00108605 0x0, 0x0, 0x0, 0x0
00108605 0x0, 0x0, 0x4, 0x1
00108605 0x46, 0x69, 0x72, 0x65
00108605 0x46, 0x6C, 0x79, 0x5F
00108605 0x38, 0x53, 0x45, 0x5F
00108605 0x35, 0x33, 0x38, 0x33
00108605 0x37, 0x35, 0x0, 0x0
00108605 0x0, 0x0, 0x0, 0x0
00108605 0x0, 0x0, 0x0, 0x0
00108605 0x0, 0x0, 0x0, 0x0
00108605 0x0, 0x0, 0x0, 0x0
00108605 0x0, 0x0, 0x0, 0x0
00108605 0x0, 0x0, 0x0, 0x0
00108605 0x0, 0x0, 0x0, 0x0
00108605 0x0, 0x0, 0x0, 0x0
00108605 0x0, 0x0, 0x0, 0x0
00108605 0x0, 0x0, 0x0, 0x0
00108605 0x0, 0x0, 0x0, 0x0
00108605 0x31, 0x32, 0x33, 0x34
00108605 0x35, 0x36, 0x37, 0x38
00108605 0x0, 0x0, 0x0, 0x0
00108605 0x0, 0x0, 0x0, 0x0
00108605 0x0, 0x0, 0x0, 0x0
00108605 0x7, 0x37, 0x8, 0x0
00108605 0x10, 0xE, 0x0, 0x40
00108605 0x0, 0xA, 0x0, 0xA
00108605 0x0, 0x1, 0x1, 0x1
00108605 0x1, 0x6, 0x0, 0x0
00108605 0x0, 0x0, 0x0, 0x0
00108605 0x0, 0x0, 0x0, 0x0
00108605 0x0, 0x0, 0x0, 0x0
00108605 0x0, 0x0, 0x0, 0x0
00108605 0x0, 0x0, 0x0, 0x0
00108605 0x0, 0x0, 0x0, 0x0
00108605 0x0, 0x0, 0x0, 0x0
00108605 0x0, 0x0, 0x0, 0x0
00108605 0x0, 0x0, 0x0, 0x0
00108605 0x0, 0x0, 0x0, 0x0
00108605 0x0, 0x0, 0x0, 0x0
00108605 0x0, 0x0, 0x0, 0x0
00108605 0x0, 0x0, 0x0, 0x0
00108605 0x0, 0x0, 0x0, 0x0
00108605 0x0, 0x0, 0x0, 0x0
00108605 0x0, 0x0, 0x0, 0x0
00108605 0x0, 0x0, 0x0, 0x0
00108605 0x0, 0x0, 0x0, 0x0
00108605 0x0, 0x0, 0x0, 0x0
00108605 0x0, 0x0, 0x0, 0x0
00108605 0x0, 0x0, 0x0, 0x0
00108605 0x0, 0x0, 0x0, 0x0
00108605 0x0, 0x0, 0x0, 0x0
00108605 0x0, 0x0, 0x0, 0x0
00108605 0x0, 0x0, 0x0, 0x0
00108606 0x0, 0x0, 0x0, 0x0
00108606 0x0, 0x0, 0x0, 0x0
00108606 0x0, 0x0, 0x0, 0x0
00108606 0x0, 0x0, 0x0, 0x0
00108606 0x0, 0x0, 0x0, 0x0
00108606 0x0, 0x0, 0x0, 0x0
00108606 0x0, 0x0, 0x0, 0x0
00108606 0x0, 0x0, 0x0, 0x0
00108606 0x7, 0x8, 0xD2, 0x52
00108606 0x0, 0x0, 0x0, 0x0
00108606 0x0, 0x0, 0x0, 0x0
00108606 0x0, 0x0, 0x0, 0x0
00108606 0x0, 0x0, 0x0, 0x0
00108606 0x0, 0x0, 0x0, 0x0
00108606 0x0, 0x0, 0x0, 0x0
00108606 0x0, 0x0, 0x0, 0x0
00108606 0x0, 0x0, 0x0, 0x0
00108606 0x0, 0x0, 0x0, 0x0
00108606 0x0, 0x0, 0x0, 0x0
00108606 0x0, 0x0, 0x0, 0x0
00108606 0x0, 0x0, 0x0, 0x0
00108606 0x0, 0x0, 0x0, 0x0
00108606 0x0, 0x0, 0x0, 0x0
00108606 0x0, 0x0, 0x0, 0x0
00108606 0x0, 0x0, 0x0, 0x0
00108606 0x0, 0x0, 0x0, 0x0
00108606 0x0, 0x0, 0x0, 0x0
00108606 0x0, 0x0, 0x0, 0x0
00108606 0x0, 0x0, 0x0, 0x0
00108606 0x0, 0x0, 0x0, 0x0
00108606 0x0, 0x0, 0x0, 0x0
00108606 0x0, 0x0, 0x0, 0x0
00108606 0x0, 0x0, 0x0, 0x0
00108606 0x0, 0x0, 0x0, 0x0
00108606 VideoFileID:(-1606399960)
00108606 [Applib - DmfDateTime] <CreateFile> C:\AMBA\200727000\00341500.RAW
