00149366 START_RAW_CAPTURE !
00149366 First Shutter !!!
00149366 [Applib - StillEncUtility] <RawCapCB> RawCapCB start
00149366 LL_W bch AmbaLL_BatchCmdBufferVideoAutoProcessEnable 0
00149366 [Applib - StillEnc] <PipeCallback> Pipe[A11033C4] AMP_ENC_EVENT_STATE_CHANGED newState 4
00149366 [Applib - StillSingleCap] <SingleCapture> [0xBBA224BC] memFree
00149366 [Applib - StillSingleCap] <SingleCapture> memFree Done
00149366 [App - Connected] <Capture> rec_connected_cam_capture end!
00149366 [==rec_connected_cam_widget_closed==]==1
00149366 [AppUtil_get_card_space] space : 9292 Mbyte
00149367 ramain_num===4235,sz_mb==9292
00149367 [==Gui_Photo_File_Update_Func==]photoNum==6
00149367 [==Gui_preview_show_Resolution_func==]numFlag:1,CurMode:-1606540427
00149396 RcvMsg.MessageID = 0x0 ReturnValue = 0
00149396 [App - ButtonOp] <MgrTask> Received KeyId: 1 (KeyStatus: Release, KeyOpStatus: Short)
00149447 [Desire]IDSP   freq: 504000000
00149447 [Desire]Core   freq: 432000000
00149447 [Desire]Cortex freq: 800000000
00149448 [Actual]IDSP   freq: 504000000
00149448 [Actual]Core   freq: 432000000
00149448 [Actual]Cortex freq: 792000000
00149448 [Applib - StillEncUtility] <RawCapCB> Liveview Stop
00149448 [IMX117] hw reset
00149524 [Applib - StillEncUtility] <SensorPrep> AE info[0]: EV:0 NF:2048 ShIdx:0 AgcIdx:0 IrisIdx:0 Dgain:4096 ISO:400 Flash:0 Mode:2 ShTime:1.000000 AgcGain:4.000000
00149524 [Applib - StillEncUtility] <RawCapCB> RawCapCB: (vin) 4096 3000 124 40
00149524 [01455][W][Disp][AmpDisplay_GetInfoImpl] Display handler 0XB4660284 is not started.
00149524 [Applib - 3a] <AmbaSample_AdjStillControl> StillMode : 2, ShIndex :   756, EvIndex :     0, NfIndex :  2048
00149526 [Applib - StillEncUtility] <SetStillWB> StillWbGain: GainR(4175) GainG(4096) GainB(12704) AEGain(4096) GlobalD(4400)
00149528 [Applib - StillEncUtility] <IdspParamSetup> Done!!!
00149528 StartRawCapture: (raw 0) 0xB279CBC0 1 3456 4096 3000
00149528 StartRawCapture: (cfg) 1 1 0xB97205C4
00149528 Raw monitor enable!
00149529 0x4001 1
00150551 [StillRawCap]Raw Image Capture Start 0xb279cbc0(p:3456)
00150551 [Applib - StillEnc] <StillEncCallback> Unknown event 200000C info: b96d9764
00150578 [ScapRawDataRdyHandler] addr(0xB279CBC0) p(3456)
00150578 [Stillenc] Rcv RAW_DATA_READY 1 0
00150578 [Applib - StillSingleCap] <SingleCapturePostCB> Start YuvFlag:0
00150578 [StillRawCap] Whole raw capture done !
00150578 [Stillenc][StageDone] send MWENC_MSG_EXEC_SCRPT
00150578 [SENC] Execute Next Stage: script(0)->(2)
00150578 Snd MWENC_MSG_RAW_DATA_READY~~
00150579 [RawEnc] Exec raw data ready!
00150579 [App - Connected] <CaptureComplete> CAPTURE_COMPLETE: PHOTO_CAP_MODE_PRECISE
00150579 [AppUtil - SetWBMode] Mode: 1
00150579 [Applib - ComSvcAsyncOp] <MgrTask> ASYNC_MGR_CMD_SYSTEM_LED_BLINK
00150722 [ScapYuvDataRdyHandler] addr(0xB081CBC0 0xB17DCBC0) p(4608)
00150722 [ScapYuvDataRdyHandler] addr(0xA3B677A0 0xA3B6D7A0) p(192)
00150722 [ScapYuvDataRdyHandler] addr(0xA3B737A0 0xA3C334A0) p(992)
00150722 [ScapYuvDataRdyHandler] addr(0xA1992760 0xA19A8760) p(256)
00150722 [RawEnc] yuv data ready 1 4
00150722 [Applib - StillSingleCap] <SingleCapturePostCB> Start YuvFlag:0
00150722 [Applib - StillSingleCap] <SingleCapturePostCB> YuvFlag:1
00150722 [RawEnc] yuv data ready 2 4
00150722 [Applib - StillSingleCap] <SingleCapturePostCB> Start YuvFlag:1
00150722 [Applib - StillSingleCap] <SingleCapturePostCB> YuvFlag:5
00150722 [RawEnc] yuv data ready 3 4
00150722 [Applib - StillSingleCap] <SingleCapturePostCB> Start YuvFlag:5
00150722 [Applib - StillSingleCap] <SingleCapturePostCB> YuvFlag:7
00150722 [RawEnc] yuv data ready 4 4
00150722 [Applib - StillEnc] <StillEncCallback> noFlush: 1
00150722 [Applib - StillEnc] <StillEncCallback> QV_DCHAN_YUV_READY, switch to VDSRC
00150722 [Stillenc][StageDone] send MWENC_MSG_EXEC_SCRPT
00150722 [SENC] Execute Next Stage: script(0)->(3)
00150722 Snd MWENC_MSG_EXEC_YUV_DATA_READY~~
00150722 [RawEnc] Exec yuv data ready!
00150722 [Applib - StillSingleCap] <SingleCapturePreCB> Pre-CallBack: SerialNum 6
00150770 [Applib - MuxExif] <MuxFifoCB>: AMP_FIFO_EVENT_DATA_READY
00150770 [Applib - MuxExif] <MuxFifoCB>: AMP_FIFO_EVENT_DATA_READY
00150770 [Applib - MuxExif] <MuxFifoCB>: AMP_FIFO_EVENT_DATA_READY
00150770 [StillEnc] gCtx (0xB97260D8 1) has ID: 6
00150770 [StillEnc] No more USED gCtx
00150770 [StillEnc][ScriptDone] reset StillCodec
00150770 [StillEnc][ScriptDone] memFree Scrpt(0xB96D98C8)
00150770 [StillEnc] gCtx (0xB97260D8 1) has ID: 6
00150771 [StillEnc][ScriptDone] BG process is done!
00150771 [SENC_ALLDONE 0]:
00150771 [StillEnc] release gCtx (0xB97260D8 6)
00150771 [rec_connected_cam_capture_bg_process_done] Start
00150771 [App - Connected] <CaptureBgProcessDone> BG_PROCESS_DONE: PHOTO_CAP_MODE_PRECISE
00150771 LL_W bch AmbaLL_BatchCmdBufferVideoAutoProcessEnable 0
00150771 Raw monitor disable!
00150771 [Applib - MuxExif] <Open>
00150771 [Applib - NamingRuleDateTime] <Naming_GetDir> == TargetDirIndex = 0
00150771 [Applib - NamingRuleDateTime] <Naming_GetDir> TmpName:C:\AMBA\200727000\00345800.JPG
00150771 [Applib - NamingRuleDateTime] <Naming_GetDir> == Refreshed = 0, TmpDirPath = C:\AMBA\200727000, ScannedDirPath = C:\AMBA\200727000
00150771 [Applib - NamingRuleDateTime] <Naming_GetDir> == TargetFnum = 2098, ScannedMaxFnum = 2072
00150771 [Applib - NamingRuleDateTime] <Naming_GetDir> == ScannedFileAmount = 6
00150771 [Applib - NamingRuleDateTime] <Naming_GetObjectName> ==  -END-, ObjName:C:\AMBA\200727000\00345800.JPG
00150771 [Applib - DmfDateTime] <CreateFile> extName:JPG, filename:C:\AMBA\200727000\00345800.JPG
00150771 [App - Pref] <Save> Save preference
00150779 ===LED_Status==Record_Stop=1=
00150779 ===LED_Status==Record_Stop=2=
00150779 <AppUtil_ModeLedControl> type: 1, en: 1
00150779 [App - Pref] <Save> success
00150779 === Write (512 Bytes) ===
00150779 0x0, 0x10, 0x1, 0x0
00150779 0xE, 0x0, 0x0, 0x0
00150779 0x0, 0x0, 0x0, 0x1
00150779 0x0, 0x0, 0x0, 0x0
00150779 0x0, 0x0, 0x0, 0x0
00150779 0x0, 0x0, 0x0, 0x0
00150779 0x0, 0x2, 0x1, 0x0
00150779 0x0, 0x0, 0x0, 0x0
00150779 0x0, 0x0, 0x0, 0x0
00150779 0x0, 0x0, 0x0, 0x0
00150779 0x0, 0x0, 0x0, 0x0
00150779 0x0, 0x0, 0x0, 0x0
00150779 0x0, 0x0, 0x0, 0x0
00150779 0x0, 0x0, 0x0, 0x0
00150779 0x0, 0x0, 0x0, 0x0
00150779 0x0, 0x0, 0x0, 0x0
00150779 0x0, 0x0, 0x0, 0x0
00150779 0x0, 0x0, 0x0, 0x0
00150779 0x0, 0x0, 0x0, 0x0
00150779 0x0, 0x0, 0x0, 0x0
00150779 0x0, 0x0, 0x0, 0x0
00150779 0x0, 0x0, 0x0, 0x0
00150779 0x0, 0x0, 0x0, 0x0
00150779 0x0, 0x0, 0x0, 0x0
00150779 0x0, 0x0, 0x0, 0x0
00150779 0x0, 0x0, 0x0, 0x0
00150779 0x0, 0x0, 0x0, 0x0
00150779 0x18, 0x8, 0xD2, 0x52
00150779 0x0, 0x0, 0x0, 0x0
00150779 0x0, 0x0, 0x0, 0x0
00150779 0x0, 0x37, 0x55, 0x0
00150779 0x0, 0x0, 0x0, 0x0
00150779 0x0, 0x0, 0x0, 0x0
00150779 0x0, 0x0, 0x0, 0x0
00150779 0x0, 0x0, 0x3, 0x10
00150779 0x2, 0x0, 0x0, 0x1B
00150779 0x0, 0x39, 0x0, 0x0
00150779 0x0, 0x0, 0x0, 0x0
00150779 0x0, 0x0, 0x0, 0x0
00150779 0x0, 0x0, 0x0, 0x0
00150779 0x0, 0x0, 0x0, 0x0
00150779 0x0, 0x0, 0x0, 0x0
00150780 0x0, 0x0, 0x4, 0x1
00150780 0x46, 0x69, 0x72, 0x65
00150780 0x46, 0x6C, 0x79, 0x5F
00150780 0x38, 0x53, 0x45, 0x5F
00150780 0x35, 0x33, 0x38, 0x33
00150780 0x37, 0x35, 0x0, 0x0
00150780 0x0, 0x0, 0x0, 0x0
00150780 0x0, 0x0, 0x0, 0x0
00150780 0x0, 0x0, 0x0, 0x0
00150780 0x0, 0x0, 0x0, 0x0
00150780 0x0, 0x0, 0x0, 0x0
00150780 0x0, 0x0, 0x0, 0x0
00150780 0x0, 0x0, 0x0, 0x0
00150780 0x0, 0x0, 0x0, 0x0
00150780 0x0, 0x0, 0x0, 0x0
00150780 0x0, 0x0, 0x0, 0x0
00150780 0x0, 0x0, 0x0, 0x0
00150780 0x31, 0x32, 0x33, 0x34
00150780 0x35, 0x36, 0x37, 0x38
00150780 0x0, 0x0, 0x0, 0x0
00150780 0x0, 0x0, 0x0, 0x0
00150780 0x0, 0x0, 0x0, 0x0
00150780 0x7, 0x37, 0x8, 0x0
00150780 0x10, 0xE, 0x0, 0x40
00150780 0x0, 0xA, 0x0, 0xA
00150780 0x0, 0x1, 0x1, 0x5
00150780 0x1, 0x6, 0x0, 0x0
00150780 0x0, 0x0, 0x0, 0x0
00150780 0x0, 0x0, 0x0, 0x0
00150780 0x0, 0x0, 0x0, 0x0
00150780 0x0, 0x0, 0x0, 0x0
00150780 0x0, 0x0, 0x0, 0x0
00150780 0x0, 0x0, 0x0, 0x0
00150780 0x0, 0x0, 0x0, 0x0
00150780 0x0, 0x0, 0x0, 0x0
00150780 0x0, 0x0, 0x0, 0x0
00150780 0x0, 0x0, 0x0, 0x0
00150780 0x0, 0x0, 0x0, 0x0
00150780 0x0, 0x0, 0x0, 0x0
00150780 0x0, 0x0, 0x0, 0x0
00150780 0x0, 0x0, 0x0, 0x0
00150780 0x0, 0x0, 0x0, 0x0
00150780 0x0, 0x0, 0x0, 0x0
00150780 0x0, 0x0, 0x0, 0x0
00150780 0x0, 0x0, 0x0, 0x0
00150780 0x0, 0x0, 0x0, 0x0
00150780 0x0, 0x0, 0x0, 0x0
00150780 0x0, 0x0, 0x0, 0x0
00150780 0x0, 0x0, 0x0, 0x0
00150780 0x0, 0x0, 0x0, 0x0
00150780 0x0, 0x0, 0x0, 0x0
00150780 0x0, 0x0, 0x0, 0x0
00150780 0x0, 0x0, 0x0, 0x0
00150780 0x0, 0x0, 0x0, 0x0
00150780 0x0, 0x0, 0x0, 0x0
00150780 0x0, 0x0, 0x0, 0x0
00150780 0x0, 0x0, 0x0, 0x0
00150780 0x0, 0x0, 0x0, 0x0
00150780 0x0, 0x0, 0x0, 0x0
00150780 0x0, 0x0, 0x0, 0x0
00150780 0x32, 0x8, 0xD2, 0x52
00150780 0x0, 0x0, 0x0, 0x0
00150780 0x0, 0x0, 0x0, 0x0
00150780 0x0, 0x0, 0x0, 0x0
00150780 0x0, 0x0, 0x0, 0x0
00150780 0x0, 0x0, 0x0, 0x0
00150780 0x0, 0x0, 0x0, 0x0
00150780 0x0, 0x0, 0x0, 0x0
00150780 0x0, 0x0, 0x0, 0x0
00150780 0x0, 0x0, 0x0, 0x0
00150780 0x0, 0x0, 0x0, 0x0
00150780 0x0, 0x0, 0x0, 0x0
00150780 0x0, 0x0, 0x0, 0x0
00150780 0x0, 0x0, 0x0, 0x0
00150780 0x0, 0x0, 0x0, 0x0
00150780 0x0, 0x0, 0x0, 0x0
00150780 0x0, 0x0, 0x0, 0x0
00150780 0x0, 0x0, 0x0, 0x0
00150780 0x0, 0x0, 0x0, 0x0
00150780 0x0, 0x0, 0x0, 0x0
00150780 0x0, 0x0, 0x0, 0x0
00150780 0x0, 0x0, 0x0, 0x0
00150780 0x0, 0x0, 0x0, 0x0
00150781 0x0, 0x0, 0x0, 0x0
00150781 0x0, 0x0, 0x0, 0x0
00150781 0x0, 0x0, 0x0, 0x0
00150781 VideoFileID:(-1606399960)
00150781 [Applib - DmfDateTime] <CreateFile> C:\AMBA\200727000\00345800.RAW
