00061877 START_RAW_CAPTURE !
00061877 First Shutter !!!
00061877 [Applib - StillEncUtility] <RawCapCB> RawCapCB start
00061877 LL_W bch AmbaLL_BatchCmdBufferVideoAutoProcessEnable 0
00061877 [Applib - StillEnc] <PipeCallback> Pipe[A11033C4] AMP_ENC_EVENT_STATE_CHANGED newState 4
00061877 [Applib - StillSingleCap] <SingleCapture> [0xBBA18FAC] memFree
00061877 [Applib - StillSingleCap] <SingleCapture> memFree Done
00061877 [App - Connected] <Capture> rec_connected_cam_capture end!
00061877 [==rec_connected_cam_widget_closed==]==1
00061877 [AppUtil_get_card_space] space : 9359 Mbyte
00061877 ramain_num===3729,sz_mb==9359
00061877 [==Gui_Photo_File_Update_Func==]photoNum==2
00061877 [==Gui_preview_show_Resolution_func==]numFlag:1,CurMode:-1606540427
00061983 [Desire]IDSP   freq: 504000000
00061983 [Desire]Core   freq: 432000000
00061983 [Desire]Cortex freq: 800000000
00061984 [Actual]IDSP   freq: 504000000
00061984 [Actual]Core   freq: 432000000
00061984 [Actual]Cortex freq: 792000000
00061984 [Applib - StillEncUtility] <RawCapCB> Liveview Stop
00061984 [IMX117] hw reset
00062060 [Applib - StillEncUtility] <SensorPrep> AE info[0]: EV:11392 NF:1904 ShIdx:722 AgcIdx:1810 IrisIdx:0 Dgain:4096 ISO:362 Flash:0 Mode:2 ShTime:0.160000 AgcGain:3.628500
00062060 [Applib - StillEncUtility] <RawCapCB> RawCapCB: (vin) 3840 2880 212 100
00062060 [01455][W][Disp][AmpDisplay_GetInfoImpl] Display handler 0XB4660284 is not started.
00062060 [Applib - 3a] <AmbaSample_AdjStillControl> StillMode : 2, ShIndex :  1094, EvIndex : 11392, NfIndex :  1904
00062062 [Applib - StillEncUtility] <SetStillWB> StillWbGain: GainR(4211) GainG(4096) GainB(12872) AEGain(4096) GlobalD(4400)
00062065 [Applib - StillEncUtility] <IdspParamSetup> Done!!!
00062065 StartRawCapture: (raw 0) 0xB2888FC0 1 3264 3840 2880
00062065 StartRawCapture: (cfg) 1 1 0xB97205C4
00062065 Raw monitor enable!
00062066 0x4001 1
00062425 [StillRawCap]Raw Image Capture Start 0xb2888fc0(p:3264)
00062425 [Applib - StillEnc] <StillEncCallback> Unknown event 200000C info: b96d9764
00062456 [ScapRawDataRdyHandler] addr(0xB2888FC0) p(3264)
00062456 [Stillenc] Rcv RAW_DATA_READY 1 0
00062456 [Applib - StillSingleCap] <SingleCapturePostCB> Start YuvFlag:0
00062456 [StillRawCap] Whole raw capture done !
00062456 [Stillenc][StageDone] send MWENC_MSG_EXEC_SCRPT
00062456 [SENC] Execute Next Stage: script(0)->(2)
00062456 Snd MWENC_MSG_RAW_DATA_READY~~
00062456 [RawEnc] Exec raw data ready!
00062456 [App - Connected] <CaptureComplete> CAPTURE_COMPLETE: PHOTO_CAP_MODE_PRECISE
00062456 [Applib - ComSvcAsyncOp] <MgrTask> ASYNC_MGR_CMD_SYSTEM_LED_BLINK
00062599 [ScapYuvDataRdyHandler] addr(0xB0413FC0 0xB164E7C0) p(4896)
00062599 [ScapYuvDataRdyHandler] addr(0xA4001360 0xA4007360) p(192)
00062599 [ScapYuvDataRdyHandler] addr(0xA400D360 0xA40CD060) p(992)
00062599 [ScapYuvDataRdyHandler] addr(0xA1992760 0xA19A8760) p(256)
00062599 [RawEnc] yuv data ready 1 4
00062599 [Applib - StillSingleCap] <SingleCapturePostCB> Start YuvFlag:0
00062599 [Applib - StillSingleCap] <SingleCapturePostCB> YuvFlag:1
00062599 [RawEnc] yuv data ready 2 4
00062599 [Applib - StillSingleCap] <SingleCapturePostCB> Start YuvFlag:1
00062599 [Applib - StillSingleCap] <SingleCapturePostCB> YuvFlag:5
00062599 [RawEnc] yuv data ready 3 4
00062599 [Applib - StillSingleCap] <SingleCapturePostCB> Start YuvFlag:5
00062599 [Applib - StillSingleCap] <SingleCapturePostCB> YuvFlag:7
00062599 [RawEnc] yuv data ready 4 4
00062599 [Applib - StillEnc] <StillEncCallback> noFlush: 1
00062599 [Applib - StillEnc] <StillEncCallback> QV_DCHAN_YUV_READY, switch to VDSRC
00062600 [Stillenc][StageDone] send MWENC_MSG_EXEC_SCRPT
00062600 [SENC] Execute Next Stage: script(0)->(3)
00062600 Snd MWENC_MSG_EXEC_YUV_DATA_READY~~
00062600 [RawEnc] Exec yuv data ready!
00062600 [Applib - StillSingleCap] <SingleCapturePreCB> Pre-CallBack: SerialNum 2
00062655 [Applib - MuxExif] <MuxFifoCB>: AMP_FIFO_EVENT_DATA_READY
00062655 [Applib - MuxExif] <MuxFifoCB>: AMP_FIFO_EVENT_DATA_READY
00062655 [Applib - MuxExif] <MuxFifoCB>: AMP_FIFO_EVENT_DATA_READY
00062655 [StillEnc] gCtx (0xB9725B78 1) has ID: 2
00062655 [StillEnc] No more USED gCtx
00062655 [StillEnc][ScriptDone] reset StillCodec
00062655 [StillEnc][ScriptDone] memFree Scrpt(0xB96D98C8)
00062655 [StillEnc] gCtx (0xB9725B78 1) has ID: 2
00062655 [StillEnc][ScriptDone] BG process is done!
00062655 [SENC_ALLDONE 0]:
00062656 [StillEnc] release gCtx (0xB9725B78 2)
00062656 [rec_connected_cam_capture_bg_process_done] Start
00062656 [App - Connected] <CaptureBgProcessDone> BG_PROCESS_DONE: PHOTO_CAP_MODE_PRECISE
00062656 LL_W bch AmbaLL_BatchCmdBufferVideoAutoProcessEnable 0
00062656 Raw monitor disable!
00062656 [Applib - MuxExif] <Open>
00062656 [Applib - NamingRuleDateTime] <Naming_GetDir> == TargetDirIndex = 0
00062656 [Applib - NamingRuleDateTime] <Naming_GetDir> TmpName:C:\AMBA\200727000\00332900.JPG
00062656 [Applib - NamingRuleDateTime] <Naming_GetDir> == Refreshed = 0, TmpDirPath = C:\AMBA\200727000, ScannedDirPath = C:\AMBA\200727000
00062656 [Applib - NamingRuleDateTime] <Naming_GetDir> == TargetFnum = 2009, ScannedMaxFnum = 1988
00062656 [Applib - NamingRuleDateTime] <Naming_GetDir> == ScannedFileAmount = 2
00062656 [Applib - NamingRuleDateTime] <Naming_GetObjectName> ==  -END-, ObjName:C:\AMBA\200727000\00332900.JPG
00062656 [Applib - DmfDateTime] <CreateFile> extName:JPG, filename:C:\AMBA\200727000\00332900.JPG
00062656 [App - Pref] <Save> Save preference
00062656 ===LED_Status==Record_Stop=1=
00062656 ===LED_Status==Record_Stop=2=
00062656 <AppUtil_ModeLedControl> type: 1, en: 1
00062664 [App - Pref] <Save> success
00062664 === Write (512 Bytes) ===
00062664 0x0, 0x10, 0x1, 0x0
00062664 0xE, 0x0, 0x0, 0x0
00062664 0x0, 0x0, 0x0, 0x1
00062664 0x0, 0x0, 0x0, 0x0
00062664 0x0, 0x0, 0x0, 0x0
00062664 0x0, 0x0, 0x0, 0x0
00062664 0x0, 0x1, 0x1, 0x0
00062664 0x0, 0x0, 0x0, 0x0
00062664 0x0, 0x0, 0x0, 0x0
00062664 0x0, 0x0, 0x0, 0x0
00062664 0x0, 0x0, 0x0, 0x0
00062664 0x0, 0x0, 0x0, 0x0
00062664 0x0, 0x0, 0x0, 0x0
00062664 0x0, 0x0, 0x0, 0x0
00062664 0x0, 0x0, 0x0, 0x0
00062664 0x0, 0x0, 0x0, 0x0
00062664 0x0, 0x0, 0x0, 0x0
00062664 0x0, 0x0, 0x0, 0x0
00062664 0x0, 0x0, 0x0, 0x0
00062664 0x0, 0x0, 0x0, 0x0
00062664 0x0, 0x0, 0x0, 0x0
00062664 0x0, 0x0, 0x0, 0x0
00062664 0x0, 0x0, 0x0, 0x0
00062664 0x0, 0x0, 0x0, 0x0
00062664 0x0, 0x0, 0x0, 0x0
00062664 0x0, 0x0, 0x0, 0x0
00062664 0x0, 0x0, 0x0, 0x0
00062664 0xC4, 0x7, 0xD2, 0x52
00062664 0x0, 0x0, 0x0, 0x0
00062664 0x0, 0x0, 0x0, 0x0
00062664 0x0, 0x37, 0x55, 0x0
00062664 0x0, 0x0, 0x0, 0x0
00062664 0x0, 0x0, 0x0, 0x0
00062664 0x0, 0x0, 0x0, 0x0
00062664 0x0, 0x0, 0x3, 0x10
00062664 0x2, 0x0, 0x0, 0x1B
00062664 0x0, 0x39, 0x0, 0x0
00062664 0x0, 0x0, 0x0, 0x0
00062664 0x0, 0x0, 0x0, 0x0
00062664 0x0, 0x0, 0x0, 0x0
00062664 0x0, 0x0, 0x0, 0x0
00062664 0x0, 0x0, 0x0, 0x0
00062664 0x0, 0x0, 0x4, 0x1
00062664 0x46, 0x69, 0x72, 0x65
00062664 0x46, 0x6C, 0x79, 0x5F
00062664 0x38, 0x53, 0x45, 0x5F
00062664 0x35, 0x33, 0x38, 0x33
00062664 0x37, 0x35, 0x0, 0x0
00062664 0x0, 0x0, 0x0, 0x0
00062664 0x0, 0x0, 0x0, 0x0
00062664 0x0, 0x0, 0x0, 0x0
00062665 0x0, 0x0, 0x0, 0x0
00062665 0x0, 0x0, 0x0, 0x0
00062665 0x0, 0x0, 0x0, 0x0
00062665 0x0, 0x0, 0x0, 0x0
00062665 0x0, 0x0, 0x0, 0x0
00062665 0x0, 0x0, 0x0, 0x0
00062665 0x0, 0x0, 0x0, 0x0
00062665 0x0, 0x0, 0x0, 0x0
00062665 0x31, 0x32, 0x33, 0x34
00062665 0x35, 0x36, 0x37, 0x38
00062665 0x0, 0x0, 0x0, 0x0
00062665 0x0, 0x0, 0x0, 0x0
00062665 0x0, 0x0, 0x0, 0x0
00062665 0x7, 0x37, 0x8, 0x0
00062665 0x10, 0xE, 0x0, 0x40
00062665 0x0, 0xA, 0x0, 0xA
00062665 0x0, 0x1, 0x1, 0x1
00062665 0x1, 0x6, 0x0, 0x0
00062665 0x0, 0x0, 0x0, 0x0
00062665 0x0, 0x0, 0x0, 0x0
00062665 0x0, 0x0, 0x0, 0x0
00062665 0x0, 0x0, 0x0, 0x0
00062665 0x0, 0x0, 0x0, 0x0
00062665 0x0, 0x0, 0x0, 0x0
00062665 0x0, 0x0, 0x0, 0x0
00062665 0x0, 0x0, 0x0, 0x0
00062665 0x0, 0x0, 0x0, 0x0
00062665 0x0, 0x0, 0x0, 0x0
00062665 0x0, 0x0, 0x0, 0x0
00062665 0x0, 0x0, 0x0, 0x0
00062665 0x0, 0x0, 0x0, 0x0
00062665 0x0, 0x0, 0x0, 0x0
00062665 0x0, 0x0, 0x0, 0x0
00062665 0x0, 0x0, 0x0, 0x0
00062665 0x0, 0x0, 0x0, 0x0
00062665 0x0, 0x0, 0x0, 0x0
00062665 0x0, 0x0, 0x0, 0x0
00062665 0x0, 0x0, 0x0, 0x0
00062665 0x0, 0x0, 0x0, 0x0
00062665 0x0, 0x0, 0x0, 0x0
00062665 0x0, 0x0, 0x0, 0x0
00062665 0x0, 0x0, 0x0, 0x0
00062665 0x0, 0x0, 0x0, 0x0
00062665 0x0, 0x0, 0x0, 0x0
00062665 0x0, 0x0, 0x0, 0x0
00062665 0x0, 0x0, 0x0, 0x0
00062665 0x0, 0x0, 0x0, 0x0
00062665 0x0, 0x0, 0x0, 0x0
00062665 0x0, 0x0, 0x0, 0x0
00062665 0x0, 0x0, 0x0, 0x0
00062665 0x0, 0x0, 0x0, 0x0
00062665 0xD9, 0x7, 0xD2, 0x52
00062665 0x0, 0x0, 0x0, 0x0
00062665 0x0, 0x0, 0x0, 0x0
00062665 0x0, 0x0, 0x0, 0x0
00062665 0x0, 0x0, 0x0, 0x0
00062665 0x0, 0x0, 0x0, 0x0
00062665 0x0, 0x0, 0x0, 0x0
00062665 0x0, 0x0, 0x0, 0x0
00062665 0x0, 0x0, 0x0, 0x0
00062665 0x0, 0x0, 0x0, 0x0
00062665 0x0, 0x0, 0x0, 0x0
00062665 0x0, 0x0, 0x0, 0x0
00062665 0x0, 0x0, 0x0, 0x0
00062665 0x0, 0x0, 0x0, 0x0
00062665 0x0, 0x0, 0x0, 0x0
00062665 0x0, 0x0, 0x0, 0x0
00062665 0x0, 0x0, 0x0, 0x0
00062665 0x0, 0x0, 0x0, 0x0
00062665 0x0, 0x0, 0x0, 0x0
00062665 0x0, 0x0, 0x0, 0x0
00062665 0x0, 0x0, 0x0, 0x0
00062665 0x0, 0x0, 0x0, 0x0
00062665 0x0, 0x0, 0x0, 0x0
00062665 0x0, 0x0, 0x0, 0x0
00062665 0x0, 0x0, 0x0, 0x0
00062665 0x0, 0x0, 0x0, 0x0
00062665 VideoFileID:(-1606399960)
00062665 [Applib - DmfDateTime] <CreateFile> C:\AMBA\200727000\00332900.RAW
